0 info it worked if it ends with ok
1 verbose cli [ 'C:\\Users\\Legend228\\AppData\\Local\\.meteor\\packages\\meteor-tool\\1.4.2_3\\mt-os.windows.x86_32\\dev_bundle\\bin\\node.exe',
1 verbose cli   'C:\\Users\\Legend228\\AppData\\Local\\.meteor\\packages\\meteor-tool\\1.4.2_3\\mt-os.windows.x86_32\\dev_bundle\\lib\\node_modules\\npm\\bin\\npm-cli.js',
1 verbose cli   'install',
1 verbose cli   '--save',
1 verbose cli   'bcrypt' ]
2 info using npm@3.10.9
3 info using node@v4.6.2
4 silly loadCurrentTree Starting
5 silly install loadCurrentTree
6 silly install readLocalPackageData
7 silly fetchPackageMetaData bcrypt@^0.8.7
8 silly fetchNamedPackageData bcrypt
9 silly mapToRegistry name bcrypt
10 silly mapToRegistry using default registry
11 silly mapToRegistry registry https://registry.npmjs.org/
12 silly mapToRegistry data Result {
12 silly mapToRegistry   raw: 'bcrypt',
12 silly mapToRegistry   scope: null,
12 silly mapToRegistry   escapedName: 'bcrypt',
12 silly mapToRegistry   name: 'bcrypt',
12 silly mapToRegistry   rawSpec: '',
12 silly mapToRegistry   spec: 'latest',
12 silly mapToRegistry   type: 'tag' }
13 silly mapToRegistry uri https://registry.npmjs.org/bcrypt
14 verbose request uri https://registry.npmjs.org/bcrypt
15 verbose request no auth needed
16 info attempt registry request try #1 at 2:40:56 PM
17 verbose request id 201c8ec1e1062e3d
18 verbose etag W/"7da2231b819471befc3b3e9dd7db7423"
19 verbose lastModified Sun, 11 May 2025 18:06:26 GMT
20 http request GET https://registry.npmjs.org/bcrypt
21 http 304 https://registry.npmjs.org/bcrypt
22 verbose headers { date: 'Mon, 16 Jun 2025 13:40:57 GMT',
22 verbose headers   connection: 'keep-alive',
22 verbose headers   'cf-ray': '950ab8d10a8e6920-LIS',
22 verbose headers   'cf-cache-status': 'HIT',
22 verbose headers   'access-control-allow-origin': '*',
22 verbose headers   age: '218',
22 verbose headers   'cache-control': 'public, max-age=300',
22 verbose headers   etag: '"7da2231b819471befc3b3e9dd7db7423"',
22 verbose headers   'last-modified': 'Sun, 11 May 2025 18:06:26 GMT',
22 verbose headers   vary: 'Accept-Encoding',
22 verbose headers   'set-cookie': [ '_cfuvid=gVpgvxDg1kb7navOE00xsdlBEsGmeTrAFsgyQLZBud4-1750081257157-0.0.1.1-604800000; path=/; domain=.npmjs.org; HttpOnly; Secure; SameSite=None' ],
22 verbose headers   server: 'cloudflare' }
23 silly get cb [ 304,
23 silly get   { date: 'Mon, 16 Jun 2025 13:40:57 GMT',
23 silly get     connection: 'keep-alive',
23 silly get     'cf-ray': '950ab8d10a8e6920-LIS',
23 silly get     'cf-cache-status': 'HIT',
23 silly get     'access-control-allow-origin': '*',
23 silly get     age: '218',
23 silly get     'cache-control': 'public, max-age=300',
23 silly get     etag: '"7da2231b819471befc3b3e9dd7db7423"',
23 silly get     'last-modified': 'Sun, 11 May 2025 18:06:26 GMT',
23 silly get     vary: 'Accept-Encoding',
23 silly get     'set-cookie': [ '_cfuvid=gVpgvxDg1kb7navOE00xsdlBEsGmeTrAFsgyQLZBud4-1750081257157-0.0.1.1-604800000; path=/; domain=.npmjs.org; HttpOnly; Secure; SameSite=None' ],
23 silly get     server: 'cloudflare' } ]
24 verbose etag https://registry.npmjs.org/bcrypt from cache
25 verbose get saving bcrypt to C:\Users\Legend228\AppData\Roaming\npm-cache\registry.npmjs.org\bcrypt\.cache.json
26 verbose correctMkdir C:\Users\Legend228\AppData\Roaming\npm-cache correctMkdir not in flight; initializing
27 silly install normalizeTree
28 silly loadCurrentTree Finishing
29 silly loadIdealTree Starting
30 silly install loadIdealTree
31 silly cloneCurrentTree Starting
32 silly install cloneCurrentTreeToIdealTree
33 silly cloneCurrentTree Finishing
34 silly loadShrinkwrap Starting
35 silly install loadShrinkwrap
36 silly loadShrinkwrap Finishing
37 silly loadAllDepsIntoIdealTree Starting
38 silly install loadAllDepsIntoIdealTree
39 silly resolveWithNewModule bcrypt@0.8.7 checking installable status
40 silly cache add args [ 'bcrypt@^0.8.7', null ]
41 verbose cache add spec bcrypt@^0.8.7
42 silly cache add parsed spec Result {
42 silly cache add   raw: 'bcrypt@^0.8.7',
42 silly cache add   scope: null,
42 silly cache add   escapedName: 'bcrypt',
42 silly cache add   name: 'bcrypt',
42 silly cache add   rawSpec: '^0.8.7',
42 silly cache add   spec: '>=0.8.7 <0.9.0',
42 silly cache add   type: 'range' }
43 silly addNamed bcrypt@>=0.8.7 <0.9.0
44 verbose addNamed ">=0.8.7 <0.9.0" is a valid semver range for bcrypt
45 silly addNameRange { name: 'bcrypt', range: '>=0.8.7 <0.9.0', hasData: false }
46 silly mapToRegistry name bcrypt
47 silly mapToRegistry using default registry
48 silly mapToRegistry registry https://registry.npmjs.org/
49 silly mapToRegistry data Result {
49 silly mapToRegistry   raw: 'bcrypt',
49 silly mapToRegistry   scope: null,
49 silly mapToRegistry   escapedName: 'bcrypt',
49 silly mapToRegistry   name: 'bcrypt',
49 silly mapToRegistry   rawSpec: '',
49 silly mapToRegistry   spec: 'latest',
49 silly mapToRegistry   type: 'tag' }
50 silly mapToRegistry uri https://registry.npmjs.org/bcrypt
51 verbose addNameRange registry:https://registry.npmjs.org/bcrypt not in flight; fetching
52 verbose get https://registry.npmjs.org/bcrypt not expired, no request
53 silly addNameRange number 2 { name: 'bcrypt', range: '>=0.8.7 <0.9.0', hasData: true }
54 silly addNameRange versions [ 'bcrypt',
54 silly addNameRange   [ '0.1.2',
54 silly addNameRange     '0.2.0',
54 silly addNameRange     '0.2.1',
54 silly addNameRange     '0.1.3',
54 silly addNameRange     '0.2.2',
54 silly addNameRange     '0.2.3',
54 silly addNameRange     '0.2.4',
54 silly addNameRange     '0.3.0',
54 silly addNameRange     '0.3.1',
54 silly addNameRange     '0.3.2',
54 silly addNameRange     '0.4.0',
54 silly addNameRange     '0.4.1',
54 silly addNameRange     '0.5.0',
54 silly addNameRange     '0.6.0',
54 silly addNameRange     '0.7.0',
54 silly addNameRange     '0.7.1',
54 silly addNameRange     '0.7.2',
54 silly addNameRange     '0.7.3',
54 silly addNameRange     '0.7.4',
54 silly addNameRange     '0.7.5',
54 silly addNameRange     '0.7.6',
54 silly addNameRange     '0.7.7',
54 silly addNameRange     '0.7.8',
54 silly addNameRange     '0.8.0',
54 silly addNameRange     '0.8.1',
54 silly addNameRange     '0.8.2',
54 silly addNameRange     '0.8.3',
54 silly addNameRange     '0.8.4',
54 silly addNameRange     '0.8.5',
54 silly addNameRange     '0.8.6',
54 silly addNameRange     '0.8.7',
54 silly addNameRange     '1.0.0',
54 silly addNameRange     '1.0.1',
54 silly addNameRange     '1.0.2',
54 silly addNameRange     '1.0.3',
54 silly addNameRange     '1.1.0-napi',
54 silly addNameRange     '2.0.0',
54 silly addNameRange     '2.0.1',
54 silly addNameRange     '3.0.0',
54 silly addNameRange     '3.0.1',
54 silly addNameRange     '3.0.2',
54 silly addNameRange     '3.0.3',
54 silly addNameRange     '3.0.4',
54 silly addNameRange     '3.0.4-napi',
54 silly addNameRange     '3.0.5',
54 silly addNameRange     '3.0.6',
54 silly addNameRange     '3.0.7',
54 silly addNameRange     '3.0.8',
54 silly addNameRange     '4.0.0',
54 silly addNameRange     '4.0.1',
54 silly addNameRange     '5.0.0',
54 silly addNameRange     '5.0.1',
54 silly addNameRange     '5.1.0',
54 silly addNameRange     '5.1.1',
54 silly addNameRange     '6.0.0' ] ]
55 silly addNamed bcrypt@0.8.7
56 verbose addNamed "0.8.7" is a plain semver version for bcrypt
57 warn deprecated bcrypt@0.8.7: versions < v5.0.0 do not handle NUL in passwords properly
58 silly cache afterAdd bcrypt@0.8.7
59 verbose afterAdd C:\Users\Legend228\AppData\Roaming\npm-cache\bcrypt\0.8.7\package\package.json not in flight; writing
60 verbose correctMkdir C:\Users\Legend228\AppData\Roaming\npm-cache correctMkdir not in flight; initializing
61 verbose afterAdd C:\Users\Legend228\AppData\Roaming\npm-cache\bcrypt\0.8.7\package\package.json written
62 silly fetchNamedPackageData nan
63 silly mapToRegistry name nan
64 silly mapToRegistry using default registry
65 silly mapToRegistry registry https://registry.npmjs.org/
66 silly mapToRegistry data Result {
66 silly mapToRegistry   raw: 'nan',
66 silly mapToRegistry   scope: null,
66 silly mapToRegistry   escapedName: 'nan',
66 silly mapToRegistry   name: 'nan',
66 silly mapToRegistry   rawSpec: '',
66 silly mapToRegistry   spec: 'latest',
66 silly mapToRegistry   type: 'tag' }
67 silly mapToRegistry uri https://registry.npmjs.org/nan
68 silly fetchNamedPackageData bindings
69 silly mapToRegistry name bindings
70 silly mapToRegistry using default registry
71 silly mapToRegistry registry https://registry.npmjs.org/
72 silly mapToRegistry data Result {
72 silly mapToRegistry   raw: 'bindings',
72 silly mapToRegistry   scope: null,
72 silly mapToRegistry   escapedName: 'bindings',
72 silly mapToRegistry   name: 'bindings',
72 silly mapToRegistry   rawSpec: '',
72 silly mapToRegistry   spec: 'latest',
72 silly mapToRegistry   type: 'tag' }
73 silly mapToRegistry uri https://registry.npmjs.org/bindings
74 verbose request uri https://registry.npmjs.org/nan
75 verbose request no auth needed
76 info attempt registry request try #1 at 2:40:57 PM
77 verbose etag W/"4d397bc486ee90d77ea622ca402610f9"
78 verbose lastModified Wed, 26 Feb 2025 16:36:21 GMT
79 http request GET https://registry.npmjs.org/nan
80 verbose request uri https://registry.npmjs.org/bindings
81 verbose request no auth needed
82 info attempt registry request try #1 at 2:40:57 PM
83 verbose etag W/"9a1ce20bca94296b0a4bebe0400bc9ea"
84 verbose lastModified Mon, 10 Jul 2023 23:17:18 GMT
85 http request GET https://registry.npmjs.org/bindings
86 http 304 https://registry.npmjs.org/nan
87 verbose headers { date: 'Mon, 16 Jun 2025 13:40:57 GMT',
87 verbose headers   connection: 'keep-alive',
87 verbose headers   'cf-ray': '950ab8d549656920-LIS',
87 verbose headers   'cf-cache-status': 'HIT',
87 verbose headers   'access-control-allow-origin': '*',
87 verbose headers   age: '203',
87 verbose headers   'cache-control': 'public, max-age=300',
87 verbose headers   etag: '"4d397bc486ee90d77ea622ca402610f9"',
87 verbose headers   'last-modified': 'Wed, 26 Feb 2025 16:36:21 GMT',
87 verbose headers   vary: 'Accept-Encoding',
87 verbose headers   'set-cookie': [ '_cfuvid=3JaS_UqUVNvRyJ1TFw.UzRb_m08RXEqCrtsu2tBAF84-1750081257842-0.0.1.1-604800000; path=/; domain=.npmjs.org; HttpOnly; Secure; SameSite=None' ],
87 verbose headers   server: 'cloudflare' }
88 silly get cb [ 304,
88 silly get   { date: 'Mon, 16 Jun 2025 13:40:57 GMT',
88 silly get     connection: 'keep-alive',
88 silly get     'cf-ray': '950ab8d549656920-LIS',
88 silly get     'cf-cache-status': 'HIT',
88 silly get     'access-control-allow-origin': '*',
88 silly get     age: '203',
88 silly get     'cache-control': 'public, max-age=300',
88 silly get     etag: '"4d397bc486ee90d77ea622ca402610f9"',
88 silly get     'last-modified': 'Wed, 26 Feb 2025 16:36:21 GMT',
88 silly get     vary: 'Accept-Encoding',
88 silly get     'set-cookie': [ '_cfuvid=3JaS_UqUVNvRyJ1TFw.UzRb_m08RXEqCrtsu2tBAF84-1750081257842-0.0.1.1-604800000; path=/; domain=.npmjs.org; HttpOnly; Secure; SameSite=None' ],
88 silly get     server: 'cloudflare' } ]
89 verbose etag https://registry.npmjs.org/nan from cache
90 verbose get saving nan to C:\Users\Legend228\AppData\Roaming\npm-cache\registry.npmjs.org\nan\.cache.json
91 verbose correctMkdir C:\Users\Legend228\AppData\Roaming\npm-cache correctMkdir not in flight; initializing
92 silly resolveWithNewModule nan@2.3.5 checking installable status
93 silly cache add args [ 'nan@2.3.5', null ]
94 verbose cache add spec nan@2.3.5
95 silly cache add parsed spec Result {
95 silly cache add   raw: 'nan@2.3.5',
95 silly cache add   scope: null,
95 silly cache add   escapedName: 'nan',
95 silly cache add   name: 'nan',
95 silly cache add   rawSpec: '2.3.5',
95 silly cache add   spec: '2.3.5',
95 silly cache add   type: 'version' }
96 silly addNamed nan@2.3.5
97 verbose addNamed "2.3.5" is a plain semver version for nan
98 silly mapToRegistry name nan
99 silly mapToRegistry using default registry
100 silly mapToRegistry registry https://registry.npmjs.org/
101 silly mapToRegistry data Result {
101 silly mapToRegistry   raw: 'nan',
101 silly mapToRegistry   scope: null,
101 silly mapToRegistry   escapedName: 'nan',
101 silly mapToRegistry   name: 'nan',
101 silly mapToRegistry   rawSpec: '',
101 silly mapToRegistry   spec: 'latest',
101 silly mapToRegistry   type: 'tag' }
102 silly mapToRegistry uri https://registry.npmjs.org/nan
103 verbose addNameVersion registry:https://registry.npmjs.org/nan not in flight; fetching
104 verbose get https://registry.npmjs.org/nan not expired, no request
105 silly cache afterAdd nan@2.3.5
106 verbose afterAdd C:\Users\Legend228\AppData\Roaming\npm-cache\nan\2.3.5\package\package.json not in flight; writing
107 verbose correctMkdir C:\Users\Legend228\AppData\Roaming\npm-cache correctMkdir not in flight; initializing
108 verbose afterAdd C:\Users\Legend228\AppData\Roaming\npm-cache\nan\2.3.5\package\package.json written
109 http 304 https://registry.npmjs.org/bindings
110 verbose headers { date: 'Mon, 16 Jun 2025 13:40:58 GMT',
110 verbose headers   connection: 'keep-alive',
110 verbose headers   'cf-ray': '950ab8d74efcdf91-LIS',
110 verbose headers   'cf-cache-status': 'HIT',
110 verbose headers   'access-control-allow-origin': '*',
110 verbose headers   age: '91',
110 verbose headers   'cache-control': 'public, max-age=300',
110 verbose headers   etag: '"9a1ce20bca94296b0a4bebe0400bc9ea"',
110 verbose headers   'last-modified': 'Mon, 10 Jul 2023 23:17:18 GMT',
110 verbose headers   vary: 'Accept-Encoding',
110 verbose headers   'set-cookie': [ '_cfuvid=FJoacA.J_BsTmxbVdWsRsf23JhNx8wOPvj5to._jcFQ-1750081258149-0.0.1.1-604800000; path=/; domain=.npmjs.org; HttpOnly; Secure; SameSite=None' ],
110 verbose headers   server: 'cloudflare' }
111 silly get cb [ 304,
111 silly get   { date: 'Mon, 16 Jun 2025 13:40:58 GMT',
111 silly get     connection: 'keep-alive',
111 silly get     'cf-ray': '950ab8d74efcdf91-LIS',
111 silly get     'cf-cache-status': 'HIT',
111 silly get     'access-control-allow-origin': '*',
111 silly get     age: '91',
111 silly get     'cache-control': 'public, max-age=300',
111 silly get     etag: '"9a1ce20bca94296b0a4bebe0400bc9ea"',
111 silly get     'last-modified': 'Mon, 10 Jul 2023 23:17:18 GMT',
111 silly get     vary: 'Accept-Encoding',
111 silly get     'set-cookie': [ '_cfuvid=FJoacA.J_BsTmxbVdWsRsf23JhNx8wOPvj5to._jcFQ-1750081258149-0.0.1.1-604800000; path=/; domain=.npmjs.org; HttpOnly; Secure; SameSite=None' ],
111 silly get     server: 'cloudflare' } ]
112 verbose etag https://registry.npmjs.org/bindings from cache
113 verbose get saving bindings to C:\Users\Legend228\AppData\Roaming\npm-cache\registry.npmjs.org\bindings\.cache.json
114 verbose correctMkdir C:\Users\Legend228\AppData\Roaming\npm-cache correctMkdir not in flight; initializing
115 silly resolveWithNewModule bindings@1.2.1 checking installable status
116 silly cache add args [ 'bindings@1.2.1', null ]
117 verbose cache add spec bindings@1.2.1
118 silly cache add parsed spec Result {
118 silly cache add   raw: 'bindings@1.2.1',
118 silly cache add   scope: null,
118 silly cache add   escapedName: 'bindings',
118 silly cache add   name: 'bindings',
118 silly cache add   rawSpec: '1.2.1',
118 silly cache add   spec: '1.2.1',
118 silly cache add   type: 'version' }
119 silly addNamed bindings@1.2.1
120 verbose addNamed "1.2.1" is a plain semver version for bindings
121 silly mapToRegistry name bindings
122 silly mapToRegistry using default registry
123 silly mapToRegistry registry https://registry.npmjs.org/
124 silly mapToRegistry data Result {
124 silly mapToRegistry   raw: 'bindings',
124 silly mapToRegistry   scope: null,
124 silly mapToRegistry   escapedName: 'bindings',
124 silly mapToRegistry   name: 'bindings',
124 silly mapToRegistry   rawSpec: '',
124 silly mapToRegistry   spec: 'latest',
124 silly mapToRegistry   type: 'tag' }
125 silly mapToRegistry uri https://registry.npmjs.org/bindings
126 verbose addNameVersion registry:https://registry.npmjs.org/bindings not in flight; fetching
127 verbose get https://registry.npmjs.org/bindings not expired, no request
128 silly cache afterAdd bindings@1.2.1
129 verbose afterAdd C:\Users\Legend228\AppData\Roaming\npm-cache\bindings\1.2.1\package\package.json not in flight; writing
130 verbose correctMkdir C:\Users\Legend228\AppData\Roaming\npm-cache correctMkdir not in flight; initializing
131 verbose afterAdd C:\Users\Legend228\AppData\Roaming\npm-cache\bindings\1.2.1\package\package.json written
132 silly loadAllDepsIntoIdealTree Finishing
133 silly loadIdealTree Finishing
134 silly currentTree week_1_portfolio_website@1.0.0
134 silly currentTree +-- babel-runtime@6.26.0
134 silly currentTree +-- core-js@2.6.12
134 silly currentTree `-- regenerator-runtime@0.11.1
135 silly idealTree week_1_portfolio_website@1.0.0
135 silly idealTree +-- babel-runtime@6.26.0
135 silly idealTree +-- bcrypt@0.8.7
135 silly idealTree +-- bindings@1.2.1
135 silly idealTree +-- core-js@2.6.12
135 silly idealTree +-- nan@2.3.5
135 silly idealTree `-- regenerator-runtime@0.11.1
136 silly generateActionsToTake Starting
137 silly install generateActionsToTake
138 silly generateActionsToTake Finishing
139 silly diffTrees action count 3
140 silly diffTrees add bindings@1.2.1
141 silly diffTrees add nan@2.3.5
142 silly diffTrees add bcrypt@0.8.7
143 silly decomposeActions action count 24
144 silly decomposeActions fetch bindings@1.2.1
145 silly decomposeActions extract bindings@1.2.1
146 silly decomposeActions test bindings@1.2.1
147 silly decomposeActions preinstall bindings@1.2.1
148 silly decomposeActions build bindings@1.2.1
149 silly decomposeActions install bindings@1.2.1
150 silly decomposeActions postinstall bindings@1.2.1
151 silly decomposeActions finalize bindings@1.2.1
152 silly decomposeActions fetch nan@2.3.5
153 silly decomposeActions extract nan@2.3.5
154 silly decomposeActions test nan@2.3.5
155 silly decomposeActions preinstall nan@2.3.5
156 silly decomposeActions build nan@2.3.5
157 silly decomposeActions install nan@2.3.5
158 silly decomposeActions postinstall nan@2.3.5
159 silly decomposeActions finalize nan@2.3.5
160 silly decomposeActions fetch bcrypt@0.8.7
161 silly decomposeActions extract bcrypt@0.8.7
162 silly decomposeActions test bcrypt@0.8.7
163 silly decomposeActions preinstall bcrypt@0.8.7
164 silly decomposeActions build bcrypt@0.8.7
165 silly decomposeActions install bcrypt@0.8.7
166 silly decomposeActions postinstall bcrypt@0.8.7
167 silly decomposeActions finalize bcrypt@0.8.7
168 silly runTopLevelLifecycles Starting
169 silly executeActions Starting
170 silly install executeActions
171 silly doSerial global-install 0
172 silly doParallel fetch 3
173 verbose correctMkdir C:\Users\Legend228\AppData\Roaming\npm-cache\_locks correctMkdir not in flight; initializing
174 verbose lock using C:\Users\Legend228\AppData\Roaming\npm-cache\_locks\staging-25eae0c39f5be37d.lock for C:\Users\Legend228\dev\portfolio\week_1_portfolio_website\node_modules\.staging
175 silly doParallel extract 3
176 silly extract bindings@1.2.1
177 silly extract nan@2.3.5
178 silly extract bcrypt@0.8.7
179 verbose unbuild node_modules\.staging\bindings-69788c00
180 verbose unbuild node_modules\.staging\nan-eefaa7fe
181 verbose unbuild node_modules\.staging\bcrypt-06ee769a
182 silly gentlyRm C:\Users\Legend228\dev\portfolio\week_1_portfolio_website\node_modules\.staging\bindings-69788c00 is being purged from base C:\Users\Legend228\dev\portfolio\week_1_portfolio_website
183 verbose gentlyRm don't care about contents; nuking C:\Users\Legend228\dev\portfolio\week_1_portfolio_website\node_modules\.staging\bindings-69788c00
184 silly gentlyRm C:\Users\Legend228\dev\portfolio\week_1_portfolio_website\node_modules\.staging\nan-eefaa7fe is being purged from base C:\Users\Legend228\dev\portfolio\week_1_portfolio_website
185 verbose gentlyRm don't care about contents; nuking C:\Users\Legend228\dev\portfolio\week_1_portfolio_website\node_modules\.staging\nan-eefaa7fe
186 verbose tar unpack C:\Users\Legend228\AppData\Roaming\npm-cache\bindings\1.2.1\package.tgz
187 verbose tar unpacking to C:\Users\Legend228\dev\portfolio\week_1_portfolio_website\node_modules\.staging\bindings-69788c00
188 silly gentlyRm C:\Users\Legend228\dev\portfolio\week_1_portfolio_website\node_modules\.staging\bindings-69788c00 is being purged
189 verbose gentlyRm don't care about contents; nuking C:\Users\Legend228\dev\portfolio\week_1_portfolio_website\node_modules\.staging\bindings-69788c00
190 verbose tar unpack C:\Users\Legend228\AppData\Roaming\npm-cache\nan\2.3.5\package.tgz
191 verbose tar unpacking to C:\Users\Legend228\dev\portfolio\week_1_portfolio_website\node_modules\.staging\nan-eefaa7fe
192 silly gentlyRm C:\Users\Legend228\dev\portfolio\week_1_portfolio_website\node_modules\.staging\nan-eefaa7fe is being purged
193 verbose gentlyRm don't care about contents; nuking C:\Users\Legend228\dev\portfolio\week_1_portfolio_website\node_modules\.staging\nan-eefaa7fe
194 silly gentlyRm C:\Users\Legend228\dev\portfolio\week_1_portfolio_website\node_modules\.staging\bcrypt-06ee769a is being purged from base C:\Users\Legend228\dev\portfolio\week_1_portfolio_website
195 verbose gentlyRm don't care about contents; nuking C:\Users\Legend228\dev\portfolio\week_1_portfolio_website\node_modules\.staging\bcrypt-06ee769a
196 silly gunzTarPerm modes [ '777', '666' ]
197 silly gunzTarPerm modes [ '777', '666' ]
198 verbose tar unpack C:\Users\Legend228\AppData\Roaming\npm-cache\bcrypt\0.8.7\package.tgz
199 verbose tar unpacking to C:\Users\Legend228\dev\portfolio\week_1_portfolio_website\node_modules\.staging\bcrypt-06ee769a
200 silly gentlyRm C:\Users\Legend228\dev\portfolio\week_1_portfolio_website\node_modules\.staging\bcrypt-06ee769a is being purged
201 verbose gentlyRm don't care about contents; nuking C:\Users\Legend228\dev\portfolio\week_1_portfolio_website\node_modules\.staging\bcrypt-06ee769a
202 silly gunzTarPerm modes [ '777', '666' ]
203 silly gunzTarPerm extractEntry package.json
204 silly gunzTarPerm modified mode [ 'package.json', 420, 438 ]
205 silly gunzTarPerm extractEntry package.json
206 silly gunzTarPerm modified mode [ 'package.json', 436, 438 ]
207 silly gunzTarPerm extractEntry package.json
208 silly gunzTarPerm modified mode [ 'package.json', 420, 438 ]
209 silly gunzTarPerm extractEntry README.md
210 silly gunzTarPerm modified mode [ 'README.md', 420, 438 ]
211 silly gunzTarPerm extractEntry bindings.js
212 silly gunzTarPerm modified mode [ 'bindings.js', 420, 438 ]
213 silly gunzTarPerm extractEntry README.md
214 silly gunzTarPerm modified mode [ 'README.md', 436, 438 ]
215 silly gunzTarPerm extractEntry include_dirs.js
216 silly gunzTarPerm modified mode [ 'include_dirs.js', 436, 438 ]
217 silly gunzTarPerm extractEntry .npmignore
218 silly gunzTarPerm modified mode [ '.npmignore', 420, 438 ]
219 silly gunzTarPerm extractEntry README.md
220 silly gunzTarPerm modified mode [ 'README.md', 420, 438 ]
221 silly gunzTarPerm extractEntry nan_converters.h
222 silly gunzTarPerm modified mode [ 'nan_converters.h', 436, 438 ]
223 silly gunzTarPerm extractEntry LICENSE.md
224 silly gunzTarPerm modified mode [ 'LICENSE.md', 436, 438 ]
225 silly gunzTarPerm extractEntry doc/node_misc.md
226 silly gunzTarPerm modified mode [ 'doc/node_misc.md', 436, 438 ]
227 silly gunzTarPerm extractEntry LICENSE
228 silly gunzTarPerm modified mode [ 'LICENSE', 420, 438 ]
229 silly gunzTarPerm extractEntry bcrypt.js
230 silly gunzTarPerm modified mode [ 'bcrypt.js', 420, 438 ]
231 silly gunzTarPerm extractEntry Makefile
232 silly gunzTarPerm modified mode [ 'Makefile', 420, 438 ]
233 silly gunzTarPerm extractEntry .travis.yml
234 silly gunzTarPerm modified mode [ '.travis.yml', 420, 438 ]
235 silly gunzTarPerm extractEntry CHANGELOG.md
236 silly gunzTarPerm modified mode [ 'CHANGELOG.md', 420, 438 ]
237 silly gunzTarPerm extractEntry binding.gyp
238 silly gunzTarPerm modified mode [ 'binding.gyp', 420, 438 ]
239 silly gunzTarPerm extractEntry examples/async_compare.js
240 silly gunzTarPerm modified mode [ 'examples/async_compare.js', 420, 438 ]
241 silly gunzTarPerm extractEntry examples/forever_gen_salt.js
242 silly gunzTarPerm modified mode [ 'examples/forever_gen_salt.js', 420, 438 ]
243 silly gunzTarPerm extractEntry test/async.js
244 silly gunzTarPerm modified mode [ 'test/async.js', 420, 438 ]
245 silly gunzTarPerm extractEntry test/repetitions.js
246 silly gunzTarPerm modified mode [ 'test/repetitions.js', 420, 438 ]
247 silly gunzTarPerm extractEntry test/sync.js
248 silly gunzTarPerm modified mode [ 'test/sync.js', 420, 438 ]
249 silly gunzTarPerm extractEntry ISSUE_TEMPLATE.md
250 silly gunzTarPerm modified mode [ 'ISSUE_TEMPLATE.md', 420, 438 ]
251 silly gunzTarPerm extractEntry src/bcrypt.cc
252 silly gunzTarPerm modified mode [ 'src/bcrypt.cc', 420, 438 ]
253 silly gunzTarPerm extractEntry src/bcrypt_node.cc
254 silly gunzTarPerm modified mode [ 'src/bcrypt_node.cc', 420, 438 ]
255 silly gunzTarPerm extractEntry src/blowfish.cc
256 silly gunzTarPerm modified mode [ 'src/blowfish.cc', 420, 438 ]
257 silly gunzTarPerm extractEntry src/node_blf.h
258 silly gunzTarPerm modified mode [ 'src/node_blf.h', 420, 438 ]
259 silly gunzTarPerm extractEntry werker.yml
260 silly gunzTarPerm modified mode [ 'werker.yml', 420, 438 ]
261 silly gunzTarPerm extractEntry doc/asyncworker.md
262 silly gunzTarPerm modified mode [ 'doc/asyncworker.md', 436, 438 ]
263 silly gunzTarPerm extractEntry doc/callback.md
264 silly gunzTarPerm modified mode [ 'doc/callback.md', 436, 438 ]
265 silly gunzTarPerm extractEntry doc/converters.md
266 silly gunzTarPerm modified mode [ 'doc/converters.md', 436, 438 ]
267 silly gunzTarPerm extractEntry doc/errors.md
268 silly gunzTarPerm modified mode [ 'doc/errors.md', 436, 438 ]
269 silly gunzTarPerm extractEntry doc/maybe_types.md
270 silly gunzTarPerm modified mode [ 'doc/maybe_types.md', 436, 438 ]
271 silly gunzTarPerm extractEntry doc/methods.md
272 silly gunzTarPerm modified mode [ 'doc/methods.md', 436, 438 ]
273 silly gunzTarPerm extractEntry doc/new.md
274 silly gunzTarPerm modified mode [ 'doc/new.md', 436, 438 ]
275 silly gunzTarPerm extractEntry doc/buffers.md
276 silly gunzTarPerm modified mode [ 'doc/buffers.md', 436, 438 ]
277 silly gunzTarPerm extractEntry doc/object_wrappers.md
278 silly gunzTarPerm modified mode [ 'doc/object_wrappers.md', 436, 438 ]
279 silly gunzTarPerm extractEntry doc/persistent.md
280 silly gunzTarPerm modified mode [ 'doc/persistent.md', 436, 438 ]
281 silly gunzTarPerm extractEntry doc/scopes.md
282 silly gunzTarPerm modified mode [ 'doc/scopes.md', 436, 438 ]
283 silly gunzTarPerm extractEntry doc/script.md
284 silly gunzTarPerm modified mode [ 'doc/script.md', 436, 438 ]
285 silly gunzTarPerm extractEntry doc/string_bytes.md
286 silly gunzTarPerm modified mode [ 'doc/string_bytes.md', 436, 438 ]
287 silly gentlyRm C:\Users\Legend228\dev\portfolio\week_1_portfolio_website\node_modules\.staging\bindings-69788c00\node_modules is being purged
288 verbose gentlyRm don't care about contents; nuking C:\Users\Legend228\dev\portfolio\week_1_portfolio_website\node_modules\.staging\bindings-69788c00\node_modules
289 silly gunzTarPerm extractEntry doc/v8_internals.md
290 silly gunzTarPerm modified mode [ 'doc/v8_internals.md', 436, 438 ]
291 silly gunzTarPerm extractEntry doc/v8_misc.md
292 silly gunzTarPerm modified mode [ 'doc/v8_misc.md', 436, 438 ]
293 silly gunzTarPerm extractEntry nan.h
294 silly gunzTarPerm modified mode [ 'nan.h', 436, 438 ]
295 silly gunzTarPerm extractEntry nan_callbacks.h
296 silly gunzTarPerm modified mode [ 'nan_callbacks.h', 436, 438 ]
297 silly gunzTarPerm extractEntry nan_callbacks_12_inl.h
298 silly gunzTarPerm modified mode [ 'nan_callbacks_12_inl.h', 436, 438 ]
299 silly gunzTarPerm extractEntry nan_callbacks_pre_12_inl.h
300 silly gunzTarPerm modified mode [ 'nan_callbacks_pre_12_inl.h', 436, 438 ]
301 silly gunzTarPerm extractEntry nan_converters_43_inl.h
302 silly gunzTarPerm modified mode [ 'nan_converters_43_inl.h', 436, 438 ]
303 silly gunzTarPerm extractEntry nan_converters_pre_43_inl.h
304 silly gunzTarPerm modified mode [ 'nan_converters_pre_43_inl.h', 436, 438 ]
305 silly gunzTarPerm extractEntry nan_implementation_12_inl.h
306 silly gunzTarPerm modified mode [ 'nan_implementation_12_inl.h', 436, 438 ]
307 silly gunzTarPerm extractEntry nan_implementation_pre_12_inl.h
308 silly gunzTarPerm modified mode [ 'nan_implementation_pre_12_inl.h', 436, 438 ]
309 silly gunzTarPerm extractEntry nan_maybe_43_inl.h
310 silly gunzTarPerm modified mode [ 'nan_maybe_43_inl.h', 436, 438 ]
311 silly gunzTarPerm extractEntry nan_maybe_pre_43_inl.h
312 silly gunzTarPerm modified mode [ 'nan_maybe_pre_43_inl.h', 436, 438 ]
313 silly gunzTarPerm extractEntry nan_new.h
314 silly gunzTarPerm modified mode [ 'nan_new.h', 436, 438 ]
315 silly gunzTarPerm extractEntry nan_object_wrap.h
316 silly gunzTarPerm modified mode [ 'nan_object_wrap.h', 436, 438 ]
317 silly gunzTarPerm extractEntry nan_persistent_12_inl.h
318 silly gunzTarPerm modified mode [ 'nan_persistent_12_inl.h', 436, 438 ]
319 silly gunzTarPerm extractEntry nan_persistent_pre_12_inl.h
320 silly gunzTarPerm modified mode [ 'nan_persistent_pre_12_inl.h', 436, 438 ]
321 silly gunzTarPerm extractEntry nan_string_bytes.h
322 silly gunzTarPerm modified mode [ 'nan_string_bytes.h', 436, 438 ]
323 silly gunzTarPerm extractEntry nan_typedarray_contents.h
324 silly gunzTarPerm modified mode [ 'nan_typedarray_contents.h', 436, 438 ]
325 silly gunzTarPerm extractEntry nan_weak.h
326 silly gunzTarPerm modified mode [ 'nan_weak.h', 436, 438 ]
327 silly gunzTarPerm extractEntry CHANGELOG.md
328 silly gunzTarPerm modified mode [ 'CHANGELOG.md', 436, 438 ]
329 silly gunzTarPerm extractEntry tools/package.json
330 silly gunzTarPerm modified mode [ 'tools/package.json', 436, 438 ]
331 silly gunzTarPerm extractEntry tools/README.md
332 silly gunzTarPerm modified mode [ 'tools/README.md', 436, 438 ]
333 silly gunzTarPerm extractEntry tools/1to2.js
334 silly gunzTarPerm modified mode [ 'tools/1to2.js', 509, 511 ]
335 silly gentlyRm C:\Users\Legend228\dev\portfolio\week_1_portfolio_website\node_modules\.staging\bcrypt-06ee769a\node_modules is being purged
336 verbose gentlyRm don't care about contents; nuking C:\Users\Legend228\dev\portfolio\week_1_portfolio_website\node_modules\.staging\bcrypt-06ee769a\node_modules
337 silly gentlyRm C:\Users\Legend228\dev\portfolio\week_1_portfolio_website\node_modules\.staging\nan-eefaa7fe\node_modules is being purged
338 verbose gentlyRm don't care about contents; nuking C:\Users\Legend228\dev\portfolio\week_1_portfolio_website\node_modules\.staging\nan-eefaa7fe\node_modules
339 silly doParallel preinstall 3
340 silly preinstall bindings@1.2.1 C:\Users\Legend228\dev\portfolio\week_1_portfolio_website\node_modules\.staging\bindings-69788c00
341 info lifecycle bindings@1.2.1~preinstall: bindings@1.2.1
342 silly preinstall nan@2.3.5 C:\Users\Legend228\dev\portfolio\week_1_portfolio_website\node_modules\.staging\nan-eefaa7fe
343 info lifecycle nan@2.3.5~preinstall: nan@2.3.5
344 silly preinstall bcrypt@0.8.7 C:\Users\Legend228\dev\portfolio\week_1_portfolio_website\node_modules\.staging\bcrypt-06ee769a
345 info lifecycle bcrypt@0.8.7~preinstall: bcrypt@0.8.7
346 silly lifecycle bindings@1.2.1~preinstall: no script for preinstall, continuing
347 silly lifecycle nan@2.3.5~preinstall: no script for preinstall, continuing
348 silly lifecycle bcrypt@0.8.7~preinstall: no script for preinstall, continuing
349 silly doReverseSerial remove 0
350 silly doSerial move 0
351 silly doSerial finalize 3
352 silly finalize C:\Users\Legend228\dev\portfolio\week_1_portfolio_website\node_modules\bindings
353 silly finalize C:\Users\Legend228\dev\portfolio\week_1_portfolio_website\node_modules\nan
354 silly finalize C:\Users\Legend228\dev\portfolio\week_1_portfolio_website\node_modules\bcrypt
355 silly doSerial build 3
356 silly build bindings@1.2.1
357 info linkStuff bindings@1.2.1
358 silly linkStuff bindings@1.2.1 has C:\Users\Legend228\dev\portfolio\week_1_portfolio_website\node_modules as its parent node_modules
359 verbose linkBins bindings@1.2.1
360 verbose linkMans bindings@1.2.1
361 silly build nan@2.3.5
362 info linkStuff nan@2.3.5
363 silly linkStuff nan@2.3.5 has C:\Users\Legend228\dev\portfolio\week_1_portfolio_website\node_modules as its parent node_modules
364 verbose linkBins nan@2.3.5
365 verbose linkMans nan@2.3.5
366 silly build bcrypt@0.8.7
367 info linkStuff bcrypt@0.8.7
368 silly linkStuff bcrypt@0.8.7 has C:\Users\Legend228\dev\portfolio\week_1_portfolio_website\node_modules as its parent node_modules
369 verbose linkBins bcrypt@0.8.7
370 verbose linkMans bcrypt@0.8.7
371 silly doSerial global-link 0
372 silly doParallel update-linked 0
373 silly doSerial install 3
374 silly install bindings@1.2.1 C:\Users\Legend228\dev\portfolio\week_1_portfolio_website\node_modules\.staging\bindings-69788c00
375 info lifecycle bindings@1.2.1~install: bindings@1.2.1
376 silly lifecycle bindings@1.2.1~install: no script for install, continuing
377 silly install nan@2.3.5 C:\Users\Legend228\dev\portfolio\week_1_portfolio_website\node_modules\.staging\nan-eefaa7fe
378 info lifecycle nan@2.3.5~install: nan@2.3.5
379 silly lifecycle nan@2.3.5~install: no script for install, continuing
380 silly install bcrypt@0.8.7 C:\Users\Legend228\dev\portfolio\week_1_portfolio_website\node_modules\.staging\bcrypt-06ee769a
381 info lifecycle bcrypt@0.8.7~install: bcrypt@0.8.7
382 verbose lifecycle bcrypt@0.8.7~install: unsafe-perm in lifecycle true
383 verbose lifecycle bcrypt@0.8.7~install: PATH: C:\Users\Legend228\AppData\Local\.meteor\packages\meteor-tool\1.4.2_3\mt-os.windows.x86_32\dev_bundle\lib\node_modules\npm\bin\node-gyp-bin;C:\Users\Legend228\dev\portfolio\week_1_portfolio_website\node_modules\bcrypt\node_modules\.bin;C:\Users\Legend228\dev\portfolio\week_1_portfolio_website\node_modules\.bin;C:\Users\Legend228\AppData\Local\.meteor\packages\meteor-tool\1.4.2_3\mt-os.windows.x86_32\dev_bundle\bin;C:\Users\Legend228\AppData\Local\.meteor\packages\meteor-tool\1.4.2_3\mt-os.windows.x86_32;C:\Users\Legend228\AppData\Local\.meteor\packages\meteor-tool\1.4.2_3\mt-os.windows.x86_32\dev_bundle\lib\node_modules\.bin;C:\Program Files\PowerShell\7;C:\Program Files\Common Files\Oracle\Java\javapath;C:\Program Files\Microsoft MPI\Bin\;C:\Program Files (x86)\Common Files\Oracle\Java\javapath;C:\Program Files (x86)\Intel\iCLS Client\;C:\Program Files\Intel\iCLS Client\;C:\Program Files (x86)\Common Files\Intel\Shared Files\cpp\bin\Intel64;C:\WINDOWS\system32;C:\WINDOWS;C:\WINDOWS\System32\Wbem;C:\WINDOWS\System32\WindowsPowerShell\v1.0\;C:\WINDOWS\System32\OpenSSH\;C:\Program Files (x86)\Intel\Intel(R) Management Engine Components\DAL;C:\Program Files\Intel\Intel(R) Management Engine Components\DAL;C:\Program Files (x86)\Intel\Intel(R) Management Engine Components\IPT;C:\Program Files\Intel\Intel(R) Management Engine Components\IPT;C:\Program Files\Microsoft SQL Server\150\Tools\Binn\;C:\Program Files\Microsoft SQL Server\Client SDK\ODBC\170\Tools\Binn\;C:\Program Files\dotnet\;C:\Program Files\Git\cmd;C:\Program Files (x86)\Microsoft SQL Server\160\Tools\Binn\;C:\Program Files\Microsoft SQL Server\160\Tools\Binn\;C:\Program Files\Microsoft SQL Server\160\DTS\Binn\;C:\Program Files\nodejs\;C:\ProgramData\chocolatey\bin;C:\Program Files\PowerShell\7\;C:\Program Files (x86)\Windows Kits\10\Windows Performance Toolkit\;C:\Program Files\mongosh\mongosh.exe;C:\Users\Legend228\AppData\Local\Programs\Python\Python313\Scripts\;C:\Users\Legend228\AppData\Local\Programs\Python\Python313\;C:\Users\Legend228\AppData\Local\.meteor;C:\Users\Legend228\AppData\Local\.meteor;C:\Users\Legend228\AppData\Local\.meteor;C:\Users\Legend228\AppData\Local\.meteor;C:\Users\Legend228\AppData\Local\Microsoft\WindowsApps;C:\Users\Legend228\AppData\Local\GitHubDesktop\bin;C:\Users\Legend228\AppData\Local\Programs\Microsoft VS Code\bin;C:\Users\Legend228\.dotnet\tools;C:\Users\Legend228\flutter\bin;;C:\Program Files\JetBrains\IntelliJ IDEA Community Edition 2024.3.2.2\bin;;C:\dev\flutter\bin;C:\Users\Legend228\AppData\Local\Microsoft\WinGet\Links;C:\Users\Legend228\AppData\Roaming\npm;C:\Users\Legend228\AppData\Local\.meteor\;C:\Program Files (x86)\MongoDB Atlas CLI\;C:\Users\Legend228\.windows-build-tools\python27;C:\Program Files\mongosh;
384 verbose lifecycle bcrypt@0.8.7~install: CWD: C:\Users\Legend228\dev\portfolio\week_1_portfolio_website\node_modules\bcrypt
385 silly lifecycle bcrypt@0.8.7~install: Args: [ '/d /s /c', 'node-gyp rebuild' ]
386 silly lifecycle bcrypt@0.8.7~install: Returned: code: 1  signal: null
387 info lifecycle bcrypt@0.8.7~install: Failed to exec install script
388 verbose unlock done using C:\Users\Legend228\AppData\Roaming\npm-cache\_locks\staging-25eae0c39f5be37d.lock for C:\Users\Legend228\dev\portfolio\week_1_portfolio_website\node_modules\.staging
389 silly rollbackFailedOptional Starting
390 silly rollbackFailedOptional Finishing
391 silly runTopLevelLifecycles Finishing
392 silly install printInstalled
393 warn week_1_portfolio_website@1.0.0 No repository field.
394 verbose If you need help, you may report this error at:
394 verbose     <https://github.com/npm/npm/issues>
395 verbose stack Error: bcrypt@0.8.7 install: `node-gyp rebuild`
395 verbose stack Exit status 1
395 verbose stack     at EventEmitter.<anonymous> (C:\Users\Legend228\AppData\Local\.meteor\packages\meteor-tool\1.4.2_3\mt-os.windows.x86_32\dev_bundle\lib\node_modules\npm\lib\utils\lifecycle.js:255:16)
395 verbose stack     at emitTwo (events.js:87:13)
395 verbose stack     at EventEmitter.emit (events.js:172:7)
395 verbose stack     at ChildProcess.<anonymous> (C:\Users\Legend228\AppData\Local\.meteor\packages\meteor-tool\1.4.2_3\mt-os.windows.x86_32\dev_bundle\lib\node_modules\npm\lib\utils\spawn.js:40:14)
395 verbose stack     at emitTwo (events.js:87:13)
395 verbose stack     at ChildProcess.emit (events.js:172:7)
395 verbose stack     at maybeClose (internal/child_process.js:854:16)
395 verbose stack     at Process.ChildProcess._handle.onexit (internal/child_process.js:222:5)
396 verbose pkgid bcrypt@0.8.7
397 verbose cwd C:\Users\Legend228\dev\portfolio\week_1_portfolio_website
398 error Windows_NT 10.0.22000
399 error argv "C:\\Users\\Legend228\\AppData\\Local\\.meteor\\packages\\meteor-tool\\1.4.2_3\\mt-os.windows.x86_32\\dev_bundle\\bin\\node.exe" "C:\\Users\\Legend228\\AppData\\Local\\.meteor\\packages\\meteor-tool\\1.4.2_3\\mt-os.windows.x86_32\\dev_bundle\\lib\\node_modules\\npm\\bin\\npm-cli.js" "install" "--save" "bcrypt"
400 error node v4.6.2
401 error npm  v3.10.9
402 error code ELIFECYCLE
403 error bcrypt@0.8.7 install: `node-gyp rebuild`
403 error Exit status 1
404 error Failed at the bcrypt@0.8.7 install script 'node-gyp rebuild'.
404 error Make sure you have the latest version of node.js and npm installed.
404 error If you do, this is most likely a problem with the bcrypt package,
404 error not with npm itself.
404 error Tell the author that this fails on your system:
404 error     node-gyp rebuild
404 error You can get information on how to open an issue for this project with:
404 error     npm bugs bcrypt
404 error Or if that isn't available, you can get their info via:
404 error     npm owner ls bcrypt
404 error There is likely additional logging output above.
405 verbose exit [ 1, true ]
